<?xml version="1.0" encoding="ASCII"?>

<!-- oks-data version 2.2 -->


<!DOCTYPE oks-data [
  <!ELEMENT oks-data (info, (include)?, (comments)?, (obj)+)>
  <!ELEMENT info EMPTY>
  <!ATTLIST info
      name CDATA #IMPLIED
      type CDATA #IMPLIED
      num-of-items CDATA #REQUIRED
      oks-format CDATA #FIXED "data"
      oks-version CDATA #REQUIRED
      created-by CDATA #IMPLIED
      created-on CDATA #IMPLIED
      creation-time CDATA #IMPLIED
      last-modified-by CDATA #IMPLIED
      last-modified-on CDATA #IMPLIED
      last-modification-time CDATA #IMPLIED
  >
  <!ELEMENT include (file)*>
  <!ELEMENT file EMPTY>
  <!ATTLIST file
      path CDATA #REQUIRED
  >
  <!ELEMENT comments (comment)*>
  <!ELEMENT comment EMPTY>
  <!ATTLIST comment
      creation-time CDATA #REQUIRED
      created-by CDATA #REQUIRED
      created-on CDATA #REQUIRED
      author CDATA #REQUIRED
      text CDATA #REQUIRED
  >
  <!ELEMENT obj (attr | rel)*>
  <!ATTLIST obj
      class CDATA #REQUIRED
      id CDATA #REQUIRED
  >
  <!ELEMENT attr (data)*>
  <!ATTLIST attr
      name CDATA #REQUIRED
      type (bool|s8|u8|s16|u16|s32|u32|s64|u64|float|double|date|time|string|uid|enum|class|-) "-"
      val CDATA ""
  >
  <!ELEMENT data EMPTY>
  <!ATTLIST data
      val CDATA #REQUIRED
  >
  <!ELEMENT rel (ref)*>
  <!ATTLIST rel
      name CDATA #REQUIRED
      class CDATA ""
      id CDATA ""
  >
  <!ELEMENT ref EMPTY>
  <!ATTLIST ref
      class CDATA #REQUIRED
      id CDATA #REQUIRED
  >
]>

<oks-data>

<info name="" type="" num-of-items="36" oks-format="data" oks-version="862f2957270" created-by="gjc" created-on="thinkpad" creation-time="20231207T105549" last-modified-by="thea" last-modified-on="np04-srv-031.cern.ch" last-modification-time="20240611T203112"/>

<include>
 <file path="schema/confmodel/dunedaq.schema.xml"/>
 <file path="config/appmodel/fsm.data.xml"/>
 <file path="test/config/hosts.data.xml"/>
 <file path="test/config/ru-segment.data.xml"/>
 <file path="test/config/df-segment.data.xml"/>
 <file path="test/config/hsi-segment.data.xml"/>
 <file path="test/config/trigger-segment.data.xml"/>
</include>

<comments>
 <comment creation-time="20231207T110014" created-by="gjc" created-on="thinkpad" author="gjc" text="j"/>
 <comment creation-time="20231207T111607" created-by="gjc" created-on="thinkpad" author="gjc" text="u"/>
 <comment creation-time="20231207T111909" created-by="gjc" created-on="thinkpad" author="gjc" text="h"/>
 <comment creation-time="20231207T112252" created-by="gjc" created-on="thinkpad" author="gjc" text="g"/>
 <comment creation-time="20231207T113214" created-by="gjc" created-on="thinkpad" author="gjc" text="u"/>
 <comment creation-time="20240208T095535" created-by="eflumerf" created-on="ironvirt9.mshome.net" author="eflumerf" text="reformat"/>
 <comment creation-time="20240220T094213" created-by="glehmann" created-on="np04-srv-024.cern.ch" author="Unknown" text="updated configuration to use a dedicated app for TA making"/>
 <comment creation-time="20240403T064226" created-by="glehmann" created-on="np04-srv-019.cern.ch" author="glehmann" text="simplify"/>
 <comment creation-time="20240403T081943" created-by="glehmann" created-on="np04-srv-019.cern.ch" author="glehmann" text="add all pieces back"/>
 <comment creation-time="20240603T150546" created-by="glehmann" created-on="np04-srv-024.cern.ch" author="glehmann" text=" "/>
 <comment creation-time="20240611T125011" created-by="thea" created-on="np04-srv-031.cern.ch" author="thea" text="geos"/>
 <comment creation-time="20240611T125116" created-by="thea" created-on="np04-srv-031.cern.ch" author="thea" text="geos"/>
 <comment creation-time="20240611T125146" created-by="thea" created-on="np04-srv-031.cern.ch" author="thea" text="geos"/>
 <comment creation-time="20240611T125446" created-by="thea" created-on="np04-srv-031.cern.ch" author="thea" text="streams"/>
 <comment creation-time="20240611T125550" created-by="thea" created-on="np04-srv-031.cern.ch" author="thea" text="streams"/>
 <comment creation-time="20240611T125948" created-by="thea" created-on="np04-srv-031.cern.ch" author="thea" text="network interface"/>
 <comment creation-time="20240611T130050" created-by="thea" created-on="np04-srv-031.cern.ch" author="thea" text="ni"/>
 <comment creation-time="20240611T130248" created-by="thea" created-on="np04-srv-031.cern.ch" author="thea" text="nwdatasender"/>
 <comment creation-time="20240611T130934" created-by="thea" created-on="np04-srv-031.cern.ch" author="thea" text="nic"/>
 <comment creation-time="20240611T132515" created-by="thea" created-on="np04-srv-031.cern.ch" author="thea" text="dpdk"/>
 <comment creation-time="20240611T135456" created-by="thea" created-on="np04-srv-031.cern.ch" author="thea" text="boh"/>
 <comment creation-time="20240611T141150" created-by="thea" created-on="np04-srv-031.cern.ch" author="thea" text="readout conf"/>
 <comment creation-time="20240611T141410" created-by="thea" created-on="np04-srv-031.cern.ch" author="thea" text="readoutapp"/>
 <comment creation-time="20240611T203112" created-by="thea" created-on="np04-srv-031.cern.ch" author="thea" text="stream ids fixed"/>
</comments>


<obj class="DPDKPortConfiguration" id="dpdk_e810_conf">
 <attr name="flow_control" type="bool" val="1"/>
 <attr name="mtu" type="u32" val="9000"/>
 <attr name="rx_ring_size" type="u32" val="4096"/>
 <attr name="tx_ring_size" type="u32" val="1024"/>
 <attr name="num_bufs" type="u32" val="16384"/>
 <attr name="burst_size" type="u32" val="2048"/>
 <attr name="lcore_sleep_us" type="u32" val="10"/>
 <attr name="source_to_rx_queue_multiplexing" type="s16" val="1"/>
 <rel name="used_lcores">
  <ref class="ProcessingResource" id="localhost_cpus"/>
 </rel>
</obj>

<obj class="DPDKReceiver" id="ru-1-rcv">
 <rel name="uses" class="NICInterface" id="ru_1_readout"/>
 <rel name="configuration" class="DPDKPortConfiguration" id="dpdk_e810_conf"/>
</obj>

<obj class="DetectorConfig" id="dummy-detector">
 <attr name="tpg_channel_map" type="string" val="PD2HDChannelMap"/>
 <attr name="clock_speed_hz" type="u32" val="62500000"/>
 <attr name="op_env" type="string" val="test"/>
</obj>

<obj class="DetectorStream" id="stream_100">
 <attr name="source_id" type="u32" val="100"/>
 <rel name="geo_id" class="GeoId" id="g_3_1_1_0"/>
</obj>

<obj class="DetectorStream" id="stream_101">
 <attr name="source_id" type="u32" val="101"/>
 <rel name="geo_id" class="GeoId" id="g_3_1_1_1"/>
</obj>

<obj class="DetectorStream" id="stream_102">
 <attr name="source_id" type="u32" val="102"/>
 <rel name="geo_id" class="GeoId" id="g_3_1_1_2"/>
</obj>

<obj class="DetectorStream" id="stream_103">
 <attr name="source_id" type="u32" val="103"/>
 <rel name="geo_id" class="GeoId" id="g_3_1_1_3"/>
</obj>

<obj class="DetectorToDaqConnection" id="conn_apa1">
 <rel name="contains">
  <ref class="HermesDataSender" id="wib_101_link0"/>
  <ref class="DPDKReceiver" id="ru-1-rcv"/>
 </rel>
</obj>

<obj class="GeoId" id="g_3_1_1_0">
 <attr name="detector_id" type="u32" val="3"/>
 <attr name="crate_id" type="u32" val="1"/>
 <attr name="slot_id" type="u32" val="1"/>
</obj>

<obj class="GeoId" id="g_3_1_1_1">
 <attr name="detector_id" type="u32" val="3"/>
 <attr name="crate_id" type="u32" val="1"/>
 <attr name="slot_id" type="u32" val="1"/>
 <attr name="stream_id" type="u32" val="1"/>
</obj>

<obj class="GeoId" id="g_3_1_1_2">
 <attr name="detector_id" type="u32" val="3"/>
 <attr name="crate_id" type="u32" val="1"/>
 <attr name="slot_id" type="u32" val="1"/>
 <attr name="stream_id" type="u32" val="2"/>
</obj>

<obj class="GeoId" id="g_3_1_1_3">
 <attr name="detector_id" type="u32" val="3"/>
 <attr name="crate_id" type="u32" val="1"/>
 <attr name="slot_id" type="u32" val="1"/>
 <attr name="stream_id" type="u32" val="3"/>
</obj>

<obj class="HermesDataSender" id="wib_101_link0">
 <attr name="port" type="u32" val="17476"/>
 <rel name="contains">
  <ref class="DetectorStream" id="stream_100"/>
  <ref class="DetectorStream" id="stream_101"/>
  <ref class="DetectorStream" id="stream_102"/>
  <ref class="DetectorStream" id="stream_103"/>
 </rel>
 <rel name="uses" class="NetworkInterface" id="wib_101_hermes0"/>
</obj>

<obj class="NICInterface" id="ru_1_readout">
 <attr name="mac_address" type="string" val="00:00:00:00:00:00"/>
 <attr name="ip_address" type="string" val="123.456.101.501"/>
 <attr name="interface_name" type="string" val="data0"/>
 <attr name="network_name" type="enum" val="Control"/>
 <attr name="pcie_addr" type="string" val="0"/>
</obj>

<obj class="NetworkInterface" id="wib_101_hermes0">
 <attr name="mac_address" type="string" val="00:00:00:00:00:00"/>
 <attr name="ip_address" type="string" val="123.456.101.000"/>
 <attr name="interface_name" type="string" val="hermes0"/>
 <attr name="network_name" type="enum" val="Control"/>
</obj>

<obj class="NetworkInterface" id="wib_101_hermes1">
 <attr name="mac_address" type="string" val="00:00:00:00:00:00"/>
 <attr name="ip_address" type="string" val="123.456.101.001"/>
 <attr name="interface_name" type="string" val="hermes1"/>
 <attr name="network_name" type="enum" val="Control"/>
</obj>

<obj class="OpMonService" id="cern-opmon-application-service">
 <attr name="application_name" type="string" val="sh"/>
 <attr name="commandline_parameters" type="string">
  <data val="-c"/>
  <data val="echo Not starting kafka/grafana/postgres/influx"/>
  <data val="&amp;&amp;"/>
  <data val="sleep 10000"/>
 </attr>
 <rel name="runs_on" class="VirtualHost" id="kafka-cern-vhost"/>
 <rel name="exposes_service">
  <ref class="Service" id="daq-k8s-opmon-service"/>
 </rel>
</obj>

<obj class="OpMonService" id="local-opmon-application-service">
 <attr name="application_name" type="string" val="sh"/>
 <attr name="commandline_parameters" type="string">
  <data val="-c"/>
  <data val="echo This service doesnt need any executable"/>
  <data val="&amp;&amp;"/>
  <data val="sleep 10000"/>
 </attr>
 <rel name="runs_on" class="VirtualHost" id="vlocalhost"/>
 <rel name="exposes_service">
  <ref class="Service" id="local-opmon-service"/>
 </rel>
</obj>

<obj class="OpMonService" id="pocket-opmon-application-service">
 <attr name="application_name" type="string" val="sh"/>
 <attr name="commandline_parameters" type="string">
  <data val="-c"/>
  <data val="echo Not starting kafka/grafana/postgres/influx"/>
  <data val="&amp;&amp;"/>
  <data val="sleep 10000"/>
 </attr>
 <rel name="runs_on" class="VirtualHost" id="kafka-pocket-vhost"/>
 <rel name="exposes_service">
  <ref class="Service" id="daq-k8s-opmon-service"/>
 </rel>
</obj>

<obj class="RCApplication" id="root-controller">
 <attr name="application_name" type="string" val="drunc-controller"/>
 <rel name="runs_on" class="VirtualHost" id="vlocalhost"/>
 <rel name="exposes_service">
  <ref class="Service" id="root-controller_control"/>
 </rel>
 <rel name="fsm" class="FSMconfiguration" id="fsmConf-test"/>
 <rel name="broadcaster" class="RCBroadcaster" id="broadcaster-root"/>
</obj>

<obj class="Segment" id="root-segment">
 <rel name="segments">
  <ref class="Segment" id="ru-segment"/>
  <ref class="Segment" id="df-segment"/>
  <ref class="Segment" id="trg-segment"/>
  <ref class="Segment" id="hsi-segment"/>
 </rel>
 <rel name="controller" class="RCApplication" id="root-controller"/>
</obj>

<obj class="Service" id="daq-k8s-opmon-service">
 <attr name="protocol" type="string" val="kafka"/>
 <attr name="port" type="u16" val="30092"/>
 <attr name="path" type="string" val="/opmon"/>
</obj>

<obj class="Service" id="local-opmon-service">
 <attr name="protocol" type="string" val="file"/>
 <attr name="port" type="u16" val="0"/>
 <attr name="path" type="string" val="info.json"/>
</obj>

<obj class="Service" id="root-controller_control">
 <attr name="protocol" type="string" val="grpc"/>
 <attr name="port" type="u16" val="3333"/>
</obj>

<obj class="Session" id="test-session">
 <attr name="use_connectivity_server" type="bool" val="1"/>
 <attr name="connectivity_service_interval_ms" type="u32" val="2000"/>
 <attr name="data_request_timeout_ms" type="u32" val="1000"/>
 <attr name="data_rate_slowdown_factor" type="u32" val="1"/>
 <rel name="environment">
  <ref class="Variable" id="session-env-session-name-0"/>
  <ref class="Variable" id="session-env-session-name-1"/>
  <ref class="Variable" id="session-env-ers-verb"/>
  <ref class="Variable" id="session-env-ers-info"/>
  <ref class="Variable" id="session-env-ers-warning"/>
  <ref class="Variable" id="session-env-ers-error"/>
  <ref class="Variable" id="session-env-ers-fatal"/>
  <ref class="Variable" id="session-env-connectivity-server"/>
  <ref class="Variable" id="session-env-connectivity-port"/>
  <ref class="Variable" id="daqapp-cli-monitoring"/>
  <ref class="Variable" id="daqapp-cli-configuration"/>
 </rel>
 <rel name="disabled">
  <ref class="DetectorToDaqConnection" id="det-3-connections"/>
  <ref class="DetectorToDaqConnection" id="det-4-connections"/>
 </rel>
 <rel name="segment" class="Segment" id="root-segment"/>
 <rel name="infrastructure_applications">
  <ref class="OpMonService" id="cern-opmon-application-service"/>
 </rel>
 <attr name="rte_script" type="string" val="">
 <rel name="detector_configuration" class="DetectorConfig" id="dummy-detector"/>
</obj>

<obj class="Variable" id="daqapp-cli-configuration">
 <attr name="name" type="string" val="DAQAPP_CLI_CONFIG_SVC"/>
 <attr name="value" type="string" val="oksconflibs:test/config/test-session.data.xml"/>
</obj>

<obj class="Variable" id="daqapp-cli-monitoring">
 <attr name="name" type="string" val="DAQAPP_CLI_INFO_SVC"/>
 <attr name="value" type="string" val="kafka://monkafka.cern.ch:30092/opmon"/>
</obj>

<obj class="Variable" id="session-env-connectivity-port">
 <attr name="name" type="string" val="CONNECTION_PORT"/>
 <attr name="value" type="string" val="30005"/>
</obj>

<obj class="Variable" id="session-env-connectivity-server">
 <attr name="name" type="string" val="CONNECTION_SERVER"/>
 <attr name="value" type="string" val="np04-srv-017"/>
</obj>

<obj class="Variable" id="session-env-ers-error">
 <attr name="name" type="string" val="DUNEDAQ_ERS_ERROR"/>
 <attr name="value" type="string" val="erstrace,throttle,lstdout,protobufstream(monkafka.cern.ch:30092)"/>
</obj>

<obj class="Variable" id="session-env-ers-fatal">
 <attr name="name" type="string" val="DUNEDAQ_ERS_FATAL"/>
 <attr name="value" type="string" val="erstrace,lstdout,protobufstream(monkafka.cern.ch:30092)"/>
</obj>

<obj class="Variable" id="session-env-ers-info">
 <attr name="name" type="string" val="DUNEDAQ_ERS_INFO"/>
 <attr name="value" type="string" val="erstrace,throttle,lstdout,protobufstream(monkafka.cern.ch:30092)"/>
</obj>

<obj class="Variable" id="session-env-ers-verb">
 <attr name="name" type="string" val="DUNEDAQ_ERS_VERBOSITY_LEVEL"/>
 <attr name="value" type="string" val="1"/>
</obj>

<obj class="Variable" id="session-env-ers-warning">
 <attr name="name" type="string" val="DUNEDAQ_ERS_WARNING"/>
 <attr name="value" type="string" val="erstrace,throttle,lstdout,protobufstream(monkafka.cern.ch:30092)"/>
</obj>

<obj class="Variable" id="session-env-session-name-0">
 <attr name="name" type="string" val="DUNEDAQ_PARTITION"/>
 <attr name="value" type="string" val="test-session"/>
</obj>

<obj class="Variable" id="session-env-session-name-1">
 <attr name="name" type="string" val="DUNEDAQ_SESSION"/>
 <attr name="value" type="string" val="test-session"/>
</obj>

</oks-data>
