<?xml version="1.0" encoding="ASCII"?>

<!-- oks-data version 2.2 -->


<!DOCTYPE oks-data [
  <!ELEMENT oks-data (info, (include)?, (comments)?, (obj)+)>
  <!ELEMENT info EMPTY>
  <!ATTLIST info
      name CDATA #IMPLIED
      type CDATA #IMPLIED
      num-of-items CDATA #REQUIRED
      oks-format CDATA #FIXED "data"
      oks-version CDATA #REQUIRED
      created-by CDATA #IMPLIED
      created-on CDATA #IMPLIED
      creation-time CDATA #IMPLIED
      last-modified-by CDATA #IMPLIED
      last-modified-on CDATA #IMPLIED
      last-modification-time CDATA #IMPLIED
  >
  <!ELEMENT include (file)*>
  <!ELEMENT file EMPTY>
  <!ATTLIST file
      path CDATA #REQUIRED
  >
  <!ELEMENT comments (comment)*>
  <!ELEMENT comment EMPTY>
  <!ATTLIST comment
      creation-time CDATA #REQUIRED
      created-by CDATA #REQUIRED
      created-on CDATA #REQUIRED
      author CDATA #REQUIRED
      text CDATA #REQUIRED
  >
  <!ELEMENT obj (attr | rel)*>
  <!ATTLIST obj
      class CDATA #REQUIRED
      id CDATA #REQUIRED
  >
  <!ELEMENT attr (data)*>
  <!ATTLIST attr
      name CDATA #REQUIRED
      type (bool|s8|u8|s16|u16|s32|u32|s64|u64|float|double|date|time|string|uid|enum|class|-) "-"
      val CDATA ""
  >
  <!ELEMENT data EMPTY>
  <!ATTLIST data
      val CDATA #REQUIRED
  >
  <!ELEMENT rel (ref)*>
  <!ATTLIST rel
      name CDATA #REQUIRED
      class CDATA ""
      id CDATA ""
  >
  <!ELEMENT ref EMPTY>
  <!ATTLIST ref
      class CDATA #REQUIRED
      id CDATA #REQUIRED
  >
]>

<oks-data>

<info name="" type="" num-of-items="40" oks-format="data" oks-version="862f2957270" created-by="gjc" created-on="thinkpad" creation-time="20231207T105549" last-modified-by="glehmann" last-modified-on="np04-srv-024.cern.ch" last-modification-time="20240831T153040"/>

<include>
 <file path="schema/confmodel/dunedaq.schema.xml"/>
 <file path="config/appmodel/fsm.data.xml"/>
 <file path="config/appmodel/wiecconfs.data.xml"/>
 <file path="test/config/hosts.data.xml"/>
 <file path="test/config/ru-segment.data.xml"/>
 <file path="test/config/df-segment.data.xml"/>
 <file path="test/config/dts-hsi.data.xml"/>
 <file path="test/config/trigger-segment.data.xml"/>
</include>

<comments>
 <comment creation-time="20231207T110014" created-by="gjc" created-on="thinkpad" author="gjc" text="j"/>
 <comment creation-time="20231207T111607" created-by="gjc" created-on="thinkpad" author="gjc" text="u"/>
 <comment creation-time="20231207T111909" created-by="gjc" created-on="thinkpad" author="gjc" text="h"/>
 <comment creation-time="20231207T112252" created-by="gjc" created-on="thinkpad" author="gjc" text="g"/>
 <comment creation-time="20231207T113214" created-by="gjc" created-on="thinkpad" author="gjc" text="u"/>
 <comment creation-time="20240208T095535" created-by="eflumerf" created-on="ironvirt9.mshome.net" author="eflumerf" text="reformat"/>
 <comment creation-time="20240220T094213" created-by="glehmann" created-on="np04-srv-024.cern.ch" author="Unknown" text="updated configuration to use a dedicated app for TA making"/>
 <comment creation-time="20240403T064226" created-by="glehmann" created-on="np04-srv-019.cern.ch" author="glehmann" text="simplify"/>
 <comment creation-time="20240403T081943" created-by="glehmann" created-on="np04-srv-019.cern.ch" author="glehmann" text="add all pieces back"/>
 <comment creation-time="20240603T150546" created-by="glehmann" created-on="np04-srv-024.cern.ch" author="glehmann" text=" "/>
 <comment creation-time="20240611T125011" created-by="thea" created-on="np04-srv-031.cern.ch" author="thea" text="geos"/>
 <comment creation-time="20240611T125116" created-by="thea" created-on="np04-srv-031.cern.ch" author="thea" text="geos"/>
 <comment creation-time="20240611T125146" created-by="thea" created-on="np04-srv-031.cern.ch" author="thea" text="geos"/>
 <comment creation-time="20240611T125446" created-by="thea" created-on="np04-srv-031.cern.ch" author="thea" text="streams"/>
 <comment creation-time="20240611T125550" created-by="thea" created-on="np04-srv-031.cern.ch" author="thea" text="streams"/>
 <comment creation-time="20240611T125948" created-by="thea" created-on="np04-srv-031.cern.ch" author="thea" text="network interface"/>
 <comment creation-time="20240611T130050" created-by="thea" created-on="np04-srv-031.cern.ch" author="thea" text="ni"/>
 <comment creation-time="20240611T130248" created-by="thea" created-on="np04-srv-031.cern.ch" author="thea" text="nwdatasender"/>
 <comment creation-time="20240611T130934" created-by="thea" created-on="np04-srv-031.cern.ch" author="thea" text="nic"/>
 <comment creation-time="20240611T132515" created-by="thea" created-on="np04-srv-031.cern.ch" author="thea" text="dpdk"/>
 <comment creation-time="20240611T135456" created-by="thea" created-on="np04-srv-031.cern.ch" author="thea" text="boh"/>
 <comment creation-time="20240611T141150" created-by="thea" created-on="np04-srv-031.cern.ch" author="thea" text="readout conf"/>
 <comment creation-time="20240611T141410" created-by="thea" created-on="np04-srv-031.cern.ch" author="thea" text="readoutapp"/>
 <comment creation-time="20240611T203112" created-by="thea" created-on="np04-srv-031.cern.ch" author="thea" text="stream ids fixed"/>
 <comment creation-time="20240620T150710" created-by="gjc" created-on="latitude" author="gjc" text="dummy det connections"/>
 <comment creation-time="20240627T195536" created-by="thea" created-on="np04-srv-031.cern.ch" author="thea" text="removed disabled"/>
 <comment creation-time="20240628T062322" created-by="thea" created-on="np04-srv-031.cern.ch" author="thea" text="removing broadcasters from control apps"/>
 <comment creation-time="20240701T213825" created-by="thea" created-on="np04-srv-031.cern.ch" author="thea" text="Added local connection service"/>
 <comment creation-time="20240701T214724" created-by="thea" created-on="np04-srv-031.cern.ch" author="thea" text="Adding connection server config"/>
 <comment creation-time="20240701T220847" created-by="thea" created-on="np04-srv-031.cern.ch" author="thea" text="connectivity service"/>
 <comment creation-time="20240701T221225" created-by="thea" created-on="np04-srv-031.cern.ch" author="thea" text="restored opmon infra app"/>
 <comment creation-time="20240702T202712" created-by="thea" created-on="np04-srv-031.cern.ch" author="thea" text="removed application field for infra apps not to be executed"/>
 <comment creation-time="20240703T074710" created-by="thea" created-on="np04-srv-031.cern.ch" author="thea" text="moving apa1 senders into a rset"/>
 <comment creation-time="20240703T074729" created-by="thea" created-on="np04-srv-031.cern.ch" author="thea" text="cleanup"/>
 <comment creation-time="20240826T084126" created-by="maroda" created-on="np04-srv-015.cern.ch" author="maroda" text="Correct cern stream"/>
</comments>


<obj class="ConnectionService" id="local-connection-server">
 <attr name="application_name" type="string" val="echo"/>
 <attr name="commandline_parameters" type="string">
  <data val="Process PID $$;"/>
  <data val="trap &apos;pkill -INT -P $$&apos; EXIT;"/>
  <data val="gunicorn -b 0.0.0.0:5000 --workers=1 --worker-class=gthread --threads=2 --timeout 5000000000 --log-level=debug connection-service.connection-flask:app"/>
 </attr>
 <attr name="threads" type="u16" val="1"/>
 <rel name="runs_on" class="VirtualHost" id="vlocalhost"/>
 <rel name="exposes_service">
  <ref class="Service" id="local-connectivity-service"/>
 </rel>
</obj>

<obj class="DetectorConfig" id="dummy-detector">
 <attr name="tpg_channel_map" type="string" val="PD2HDChannelMap"/>
 <attr name="clock_speed_hz" type="u32" val="62500000"/>
 <attr name="op_env" type="string" val="test"/>
</obj>

<obj class="OpMonService" id="cern-opmon-application-service">
 <rel name="runs_on" class="VirtualHost" id="kafka-cern-vhost"/>
 <rel name="exposes_service">
  <ref class="Service" id="daq-k8s-opmon-service"/>
 </rel>
</obj>

<obj class="OpMonService" id="local-opmon-application-service">
 <rel name="runs_on" class="VirtualHost" id="vlocalhost"/>
 <rel name="exposes_service">
  <ref class="Service" id="local-opmon-service"/>
 </rel>
</obj>

<obj class="OpMonService" id="pocket-opmon-application-service">
 <attr name="application_name" type="string" val="sh"/>
 <attr name="commandline_parameters" type="string">
  <data val="-c"/>
  <data val="echo Not starting kafka/grafana/postgres/influx"/>
  <data val="&amp;&amp;"/>
  <data val="sleep 10000"/>
 </attr>
 <rel name="runs_on" class="VirtualHost" id="kafka-pocket-vhost"/>
 <rel name="exposes_service">
  <ref class="Service" id="daq-k8s-opmon-service"/>
 </rel>
</obj>

<obj class="RCApplication" id="root-controller">
 <attr name="application_name" type="string" val="drunc-controller"/>
 <rel name="runs_on" class="VirtualHost" id="vlocalhost"/>
 <rel name="exposes_service">
  <ref class="Service" id="root-controller_control"/>
 </rel>
 <rel name="fsm" class="FSMconfiguration" id="fsmConf-test"/>
</obj>

<obj class="Segment" id="root-segment">
 <rel name="segments">
  <ref class="Segment" id="ru-segment"/>
  <ref class="Segment" id="df-segment"/>
  <ref class="Segment" id="trg-segment"/>
  <ref class="Segment" id="hsi-segment"/>
 </rel>
 <rel name="controller" class="RCApplication" id="root-controller"/>
</obj>

<obj class="Service" id="daq-k8s-opmon-service">
 <attr name="protocol" type="string" val="stream"/>
 <attr name="port" type="u16" val="30092"/>
 <attr name="path" type="string" val="/opmon_stream"/>
</obj>

<obj class="Service" id="local-connectivity-service">
 <attr name="protocol" type="string" val="http"/>
 <attr name="port" type="u16" val="5000"/>
</obj>

<obj class="Service" id="local-opmon-service">
 <attr name="protocol" type="string" val="file"/>
 <attr name="port" type="u16" val="0"/>
 <attr name="path" type="string" val="info.json"/>
</obj>

<obj class="Service" id="root-controller_control">
 <attr name="protocol" type="string" val="grpc"/>
 <attr name="port" type="u16" val="3333"/>
</obj>

<obj class="Session" id="test-session">
 <attr name="use_connectivity_server" type="bool" val="1"/>
 <attr name="connectivity_service_interval_ms" type="u32" val="2000"/>
 <attr name="data_request_timeout_ms" type="u32" val="1000"/>
 <attr name="data_rate_slowdown_factor" type="u32" val="1"/>
 <rel name="environment">
  <ref class="Variable" id="session-env-session-name-0"/>
  <ref class="Variable" id="session-env-session-name-1"/>
  <ref class="Variable" id="session-env-ers-verb"/>
  <ref class="Variable" id="session-env-ers-info"/>
  <ref class="Variable" id="session-env-ers-warning"/>
  <ref class="Variable" id="session-env-ers-error"/>
  <ref class="Variable" id="session-env-ers-fatal"/>
  <ref class="Variable" id="session-env-connectivity-server"/>
  <ref class="Variable" id="session-env-connectivity-port"/>
  <ref class="Variable" id="daqapp-cli-configuration"/>
 </rel>
 <rel name="disabled">
 </rel>
 <rel name="segment" class="Segment" id="root-segment"/>
 <rel name="infrastructure_applications">
  <ref class="ConnectionService" id="local-connection-server"/>
  <ref class="OpMonService" id="local-opmon-application-service"/>
 </rel>
 <rel name="detector_configuration" class="DetectorConfig" id="dummy-detector"/>
</obj>

<obj class="Variable" id="daqapp-cli-configuration">
 <attr name="name" type="string" val="DAQAPP_CLI_CONFIG_SVC"/>
 <attr name="value" type="string" val="oksconflibs:test/config/test-session.data.xml"/>
</obj>

<obj class="Variable" id="session-env-connectivity-port">
 <attr name="name" type="string" val="CONNECTION_PORT"/>
 <attr name="value" type="string" val="5000"/>
</obj>

<obj class="Variable" id="session-env-connectivity-server">
 <attr name="name" type="string" val="CONNECTION_SERVER"/>
 <attr name="value" type="string" val="localhost"/>
</obj>

<obj class="Variable" id="session-env-ers-error">
 <attr name="name" type="string" val="DUNEDAQ_ERS_ERROR"/>
 <attr name="value" type="string" val="erstrace,throttle,lstdout"/>
</obj>

<obj class="Variable" id="session-env-ers-fatal">
 <attr name="name" type="string" val="DUNEDAQ_ERS_FATAL"/>
 <attr name="value" type="string" val="erstrace,lstdout"/>
</obj>

<obj class="Variable" id="session-env-ers-info">
 <attr name="name" type="string" val="DUNEDAQ_ERS_INFO"/>
 <attr name="value" type="string" val="erstrace,throttle,lstdout"/>
</obj>

<obj class="Variable" id="session-env-ers-verb">
 <attr name="name" type="string" val="DUNEDAQ_ERS_VERBOSITY_LEVEL"/>
 <attr name="value" type="string" val="1"/>
</obj>

<obj class="Variable" id="session-env-ers-warning">
 <attr name="name" type="string" val="DUNEDAQ_ERS_WARNING"/>
 <attr name="value" type="string" val="erstrace,throttle,lstdout"/>
</obj>

<obj class="Variable" id="session-env-session-name-0">
 <attr name="name" type="string" val="DUNEDAQ_PARTITION"/>
 <attr name="value" type="string" val="test-session"/>
</obj>

<obj class="Variable" id="session-env-session-name-1">
 <attr name="name" type="string" val="DUNEDAQ_SESSION"/>
 <attr name="value" type="string" val="test-session"/>
</obj>

</oks-data>
