<?xml version="1.0" encoding="ASCII"?>

<!-- oks-data version 2.2 -->


<!DOCTYPE oks-data [
  <!ELEMENT oks-data (info, (include)?, (comments)?, (obj)+)>
  <!ELEMENT info EMPTY>
  <!ATTLIST info
      name CDATA #IMPLIED
      type CDATA #IMPLIED
      num-of-items CDATA #REQUIRED
      oks-format CDATA #FIXED "data"
      oks-version CDATA #REQUIRED
      created-by CDATA #IMPLIED
      created-on CDATA #IMPLIED
      creation-time CDATA #IMPLIED
      last-modified-by CDATA #IMPLIED
      last-modified-on CDATA #IMPLIED
      last-modification-time CDATA #IMPLIED
  >
  <!ELEMENT include (file)*>
  <!ELEMENT file EMPTY>
  <!ATTLIST file
      path CDATA #REQUIRED
  >
  <!ELEMENT comments (comment)*>
  <!ELEMENT comment EMPTY>
  <!ATTLIST comment
      creation-time CDATA #REQUIRED
      created-by CDATA #REQUIRED
      created-on CDATA #REQUIRED
      author CDATA #REQUIRED
      text CDATA #REQUIRED
  >
  <!ELEMENT obj (attr | rel)*>
  <!ATTLIST obj
      class CDATA #REQUIRED
      id CDATA #REQUIRED
  >
  <!ELEMENT attr (data)*>
  <!ATTLIST attr
      name CDATA #REQUIRED
      type (bool|s8|u8|s16|u16|s32|u32|s64|u64|float|double|date|time|string|uid|enum|class|-) "-"
      val CDATA ""
  >
  <!ELEMENT data EMPTY>
  <!ATTLIST data
      val CDATA #REQUIRED
  >
  <!ELEMENT rel (ref)*>
  <!ATTLIST rel
      name CDATA #REQUIRED
      class CDATA ""
      id CDATA ""
  >
  <!ELEMENT ref EMPTY>
  <!ATTLIST ref
      class CDATA #REQUIRED
      id CDATA #REQUIRED
  >
]>

<oks-data>

<info name="" type="" num-of-items="4" oks-format="data" oks-version="oks-08-03-04-11-g3f5bde7 built &quot;Feb 21 2023&quot;" created-by="gjc" created-on="thinkpad" creation-time="20231207T105549" last-modified-by="glehmann" last-modified-on="np04-srv-024.cern.ch" last-modification-time="20240301T095815"/>

<include>
 <file path="schema/coredal/dunedaq.schema.xml"/>
 <file path="config/appdal/fsm.data.xml"/>
 <file path="test/config/hosts.data.xml"/>
 <file path="test/config/dummy-readoutmap.data.xml"/>
 <file path="test/config/ru-segment.data.xml"/>
 <file path="test/config/df-segment.data.xml"/>
 <file path="test/config/hsi-segment.data.xml"/>
 <file path="test/config/trigger-segment.data.xml"/>
</include>

<comments>
 <comment creation-time="20231207T110014" created-by="gjc" created-on="thinkpad" author="gjc" text="j"/>
 <comment creation-time="20231207T111607" created-by="gjc" created-on="thinkpad" author="gjc" text="u"/>
 <comment creation-time="20231207T111909" created-by="gjc" created-on="thinkpad" author="gjc" text="h"/>
 <comment creation-time="20231207T112252" created-by="gjc" created-on="thinkpad" author="gjc" text="g"/>
 <comment creation-time="20231207T113214" created-by="gjc" created-on="thinkpad" author="gjc" text="u"/>
 <comment creation-time="20240208T095535" created-by="eflumerf" created-on="ironvirt9.mshome.net" author="eflumerf" text="reformat"/>
 <comment creation-time="20240220T094213" created-by="glehmann" created-on="np04-srv-024.cern.ch" author="Unknown" text="updated configuration to use a dedicated app for TA making"/>
</comments>


<obj class="DetectorConfig" id="dummy-detector">
 <attr name="tpg_channel_map" type="string" val="PD2HDChannelMap"/>
 <attr name="clock_speed_hz" type="u32" val="62500000"/>
 <attr name="op_env" type="string" val="test"/>
</obj>

<obj class="RCApplication" id="root-controller">
 <attr name="commandline_parameters" type="string">
  <data val="${DAQAPP_CLI_CONFIG_SVC}"/>
  <data val="grpc://localhost:3333"/><!-- ALTER_ME -->
  <data val="root-segment"/>
  <data val="test-session"/>
 </attr>
 <attr name="application_name" type="string" val="drunc-controller"/>
 <rel name="runs_on" class="VirtualHost" id="vlocalhost"/>
 <rel name="fsm" class="FSMconfiguration" id="fsmConf-1"/>
 <rel name="broadcaster" class="RCBroadcaster" id="broadcaster-root"/>
</obj>

<obj class="Segment" id="root-segment">
 <rel name="segments">
  <ref class="Segment" id="ru-segment"/>
  <ref class="Segment" id="df-segment"/>
  <ref class="Segment" id="trg-segment"/>
  <ref class="Segment" id="hsi-segment"/>
 </rel>
 <rel name="controller" class="RCApplication" id="root-controller"/>
</obj>


<obj class="Session" id="test-session">
 <attr name="use_connectivity_server" type="bool" val="1"/>
 <attr name="connectivity_service_interval_ms" type="u32" val="2000"/>
 <attr name="data_request_timeout_ms" type="u32" val="1000"/>
 <attr name="data_rate_slowdown_factor" type="u32" val="1"/>
 <attr name="rte_script" type="string" val="/nfs/home/glehmann/NFD_DEV_240322_A9/install/daq_app_rte.sh"><!-- ALTER_ME -->
 <rel name="environment">
  <ref class="Variable" id="session-env-session-name-0"/>
  <ref class="Variable" id="session-env-session-name-1"/>
  <ref class="Variable" id="session-env-ers-verb"/>
  <ref class="Variable" id="session-env-ers-info"/>
  <ref class="Variable" id="session-env-ers-warning"/>
  <ref class="Variable" id="session-env-ers-error"/>
  <ref class="Variable" id="session-env-ers-fatal"/>
  <ref class="Variable" id="session-env-connectivity-server"/>
  <ref class="Variable" id="session-env-connectivity-port"/>
  <ref class="Variable" id="daqapp-cli-monitoring"/>
  <ref class="Variable" id="daqapp-cli-configuration"/>
 </rel>
 <rel name="disabled">
  <ref class="ReadoutGroup" id="rog-3"/>
  <ref class="ReadoutGroup" id="rog-2"/>
 </rel>
 <rel name="segment" class="Segment" id="root-segment"/>
 <rel name="detector_configuration" class="DetectorConfig" id="dummy-detector"/>
 <rel name="readout_map" class="ReadoutMap" id="dummyRoMap"/>
</obj>


<!-- SESSION NAME -->
<obj class="Variable" id="session-env-session-name-0">
 <attr name="name" type="string" val="DUNEDAQ_PARTITION"/>
 <attr name="value" type="string" val="test-session"/>
</obj>

<obj class="Variable" id="session-env-session-name-1">
 <attr name="name" type="string" val="DUNEDAQ_SESSION"/>
 <attr name="value" type="string" val="test-session"/>
</obj>


<!-- ERS CONF -->
<obj class="Variable" id="session-env-ers-verb">
 <attr name="name" type="string" val="DUNEDAQ_ERS_VERBOSITY_LEVEL"/>
 <attr name="value" type="string" val="1"/>
</obj>

<obj class="Variable" id="session-env-ers-info">
 <attr name="name" type="string" val="DUNEDAQ_ERS_INFO"/>
 <attr name="value" type="string" val="erstrace,throttle,lstdout,protobufstream(monkafka.cern.ch:30092)"/>
</obj>

<obj class="Variable" id="session-env-ers-warning">
 <attr name="name" type="string" val="DUNEDAQ_ERS_WARNING"/>
 <attr name="value" type="string" val="erstrace,throttle,lstdout,protobufstream(monkafka.cern.ch:30092)"/>
</obj>

<obj class="Variable" id="session-env-ers-error">
 <attr name="name" type="string" val="DUNEDAQ_ERS_ERROR"/>
 <attr name="value" type="string" val="erstrace,throttle,lstdout,protobufstream(monkafka.cern.ch:30092)"/>
</obj>

<obj class="Variable" id="session-env-ers-fatal">
 <attr name="name" type="string" val="DUNEDAQ_ERS_FATAL"/>
 <attr name="value" type="string" val="erstrace,lstdout,protobufstream(monkafka.cern.ch:30092)"/>
</obj>


<!-- CONNECTIVITY SVC -->
<obj class="Variable" id="session-env-connectivity-server">
 <attr name="name" type="string" val="CONNECTION_SERVER"/>
 <attr name="value" type="string" val="np04-srv-017"/>
</obj>

<obj class="Variable" id="session-env-connectivity-port">
 <attr name="name" type="string" val="CONNECTION_PORT"/>
 <attr name="value" type="string" val="30005"/>
</obj>


<!-- DAQ APP CLI -->
<obj class="Variable" id="daqapp-cli-monitoring">
 <attr name="name" type="string" val="DAQAPP_CLI_INFO_SVC"/>
 <attr name="value" type="string" val="kafka://monkafka.cern.ch:30092/opmon"/>
</obj>

<obj class="Variable" id="daqapp-cli-configuration">
 <attr name="name" type="string" val="DAQAPP_CLI_CONFIG_SVC"/>
 <attr name="value" type="string" val="oksconfig:test/config/test-session.data.xml"/>
</obj>

</oks-data>
